[MHPI_DL_ERROR]./simv: undefined symbol: mhpi_skipFileReset
ANF: vcsd_get_spice_hier_by_vpi(dlerror='./simv: undefined symbol: vcsd_get_spice_hier_by_vpi')
ANF: tf_register_processrestart(dlerror='./simv: undefined symbol: tf_register_processrestart')
ANF: vcsd_has_any_dynamic_dim(dlerror='./simv: undefined symbol: vcsd_has_any_dynamic_dim')
ANF: vcsd_is_low_power_assertion_checker(dlerror='./simv: undefined symbol: vcsd_is_low_power_assertion_checker')
ANF: vcsd_get_power_scope_name(dlerror='./simv: undefined symbol: vcsd_get_power_scope_name')
ANF: vcsd_dump_network(dlerror='./simv: undefined symbol: vcsd_dump_network')
ANF: vcsd_register_openSignatureData(dlerror='./simv: undefined symbol: vcsd_register_openSignatureData')
ANF: vcsd_flush_SignatureData(dlerror='./simv: undefined symbol: vcsd_flush_SignatureData')
ANF: vcsd_close_SignatureData(dlerror='./simv: undefined symbol: vcsd_close_SignatureData')
ANF: vcsd_node_check_initial_force(dlerror='./simv: undefined symbol: vcsd_node_check_initial_force')
ANF: vcsd_node_check_callback(dlerror='./simv: undefined symbol: vcsd_node_check_callback')
ANF: vcsd_node_register_callback(dlerror='./simv: undefined symbol: vcsd_node_register_callback')
ANF: vcsd_node_remove_callback(dlerror='./simv: undefined symbol: vcsd_node_remove_callback')
ANF: vcsd_node_varInfo(dlerror='./simv: undefined symbol: vcsd_node_varInfo')
ANF: vcsd_node_Ei_Cn_Fn(dlerror='./simv: undefined symbol: vcsd_node_Ei_Cn_Fn')
ANF: vcsd_get_max_Fn(dlerror='./simv: undefined symbol: vcsd_get_max_Fn')
ANF: vcsd_node_value_pointer(dlerror='./simv: undefined symbol: vcsd_node_value_pointer')
ANF: vcsd_free_value_pointer(dlerror='./simv: undefined symbol: vcsd_free_value_pointer')
ANF: vcsd_value_pointer_to_fhdb_value(dlerror='./simv: undefined symbol: vcsd_value_pointer_to_fhdb_value')
ANF: vcsd_remove_all_callback(dlerror='./simv: undefined symbol: vcsd_remove_all_callback')
ANF: vcsd_check_secondary_initDeposit(dlerror='./simv: undefined symbol: vcsd_check_secondary_initDeposit')
ANF: vcsd_register_forceVcsBoundary(dlerror='./simv: undefined symbol: vcsd_register_forceVcsBoundary')
ANF: vcsd_register_forceSecondary(dlerror='./simv: undefined symbol: vcsd_register_forceSecondary')
ANF: vcsd_register_dumpRoot(dlerror='./simv: undefined symbol: vcsd_register_dumpRoot')
ANF: vcsd_register_addNewMaster(dlerror='./simv: undefined symbol: vcsd_register_addNewMaster')
ANF: vcsd_register_assignSlaveToNewMaster(dlerror='./simv: undefined symbol: vcsd_register_assignSlaveToNewMaster')
ANF: vcsd_register_1st_rfn_cbk(dlerror='./simv: undefined symbol: vcsd_register_1st_rfn_cbk')
ANF: vcsd_register_2nd_rfn_cbk(dlerror='./simv: undefined symbol: vcsd_register_2nd_rfn_cbk')
ANF: vcsd_is_boundary(dlerror='./simv: undefined symbol: vcsd_is_boundary')
ANF: vcsd_register_1st_non_network(dlerror='./simv: undefined symbol: vcsd_register_1st_non_network')
ANF: vcsd_register_1st_primary_master(dlerror='./simv: undefined symbol: vcsd_register_1st_primary_master')
ANF: vcsd_register_1st_primary_slave(dlerror='./simv: undefined symbol: vcsd_register_1st_primary_slave')
ANF: vcsd_register_1st_secondary_master_confirm(dlerror='./simv: undefined symbol: vcsd_register_1st_secondary_master_confirm')
ANF: vcsd_register_1st_secondary_master_defer(dlerror='./simv: undefined symbol: vcsd_register_1st_secondary_master_defer')
ANF: vcsd_register_1st_secondary_slave_masterConfirmedSecondary(dlerror='./simv: undefined symbol: vcsd_register_1st_secondary_slave_masterConfirmedSecondary')
ANF: vcsd_register_1st_secondary_slave_masterDeferredSecondary(dlerror='./simv: undefined symbol: vcsd_register_1st_secondary_slave_masterDeferredSecondary')
ANF: vcsd_dump_var_vpdg(dlerror='./simv: undefined symbol: vcsd_dump_var_vpdg')
ANF: vcsd_register_2nd_secondary_master_remainSecondary(dlerror='./simv: undefined symbol: vcsd_register_2nd_secondary_master_remainSecondary')
ANF: vcsd_register_2nd_secondary_master_becomePrimary(dlerror='./simv: undefined symbol: vcsd_register_2nd_secondary_master_becomePrimary')
ANF: vcsd_second_traverse(dlerror='./simv: undefined symbol: vcsd_second_traverse')
ANF: vcsd_begin_no_value_var_info(dlerror='./simv: undefined symbol: vcsd_begin_no_value_var_info')
ANF: vcsd_end_no_value_var_info(dlerror='./simv: undefined symbol: vcsd_end_no_value_var_info')
ANF: vcsd_get_value_ptr(dlerror='./simv: undefined symbol: vcsd_get_value_ptr')
ANF: vcsd_get_value_type_from_value_ptr(dlerror='./simv: undefined symbol: vcsd_get_value_type_from_value_ptr')
ANF: vcsd_mem_value_pointer_to_fhdb_value(dlerror='./simv: undefined symbol: vcsd_mem_value_pointer_to_fhdb_value')
ANF: vcsd_is_nettype_array_value_ptr(dlerror='./simv: undefined symbol: vcsd_is_nettype_array_value_ptr')
ANF: vcs_get_v2v_id_for_verdi(dlerror='./simv: undefined symbol: vcs_get_v2v_id_for_verdi')
ANF: scsd_xprop_is_enabled(dlerror='./simv: undefined symbol: scsd_xprop_is_enabled')
ANF: scsd_xprop_sig_is_promoted(dlerror='./simv: undefined symbol: scsd_xprop_sig_is_promoted')
ANF: scsd_xprop_int_xvalue(dlerror='./simv: undefined symbol: scsd_xprop_int_xvalue')
ANF: scsd_xprop_bool_xvalue(dlerror='./simv: undefined symbol: scsd_xprop_bool_xvalue')
ANF: scsd_xprop_enum_xvalue(dlerror='./simv: undefined symbol: scsd_xprop_enum_xvalue')
ANF: msvEnableDumpingMode(dlerror='./simv: undefined symbol: msvEnableDumpingMode')
ANF: msvIsSpiceEngineReady(dlerror='./simv: undefined symbol: msvIsSpiceEngineReady')
ANF: msvSetAddProbeCallback(dlerror='./simv: undefined symbol: msvSetAddProbeCallback')
ANF: msvGetInstHandle(dlerror='./simv: undefined symbol: msvGetInstHandle')
ANF: msvGetProbeByInst(dlerror='./simv: undefined symbol: msvGetProbeByInst')
ANF: msvGetSigHandle(dlerror='./simv: undefined symbol: msvGetSigHandle')
ANF: msvGetProbeBySig(dlerror='./simv: undefined symbol: msvGetProbeBySig')
ANF: msvGetProbeInfo(dlerror='./simv: undefined symbol: msvGetProbeInfo')
ANF: msvRelease(dlerror='./simv: undefined symbol: msvRelease')
ANF: msvSetVcCallbackFunc(dlerror='./simv: undefined symbol: msvSetVcCallbackFunc')
ANF: msvCheckVcCallback(dlerror='./simv: undefined symbol: msvCheckVcCallback')
ANF: msvAddVcCallback(dlerror='./simv: undefined symbol: msvAddVcCallback')
ANF: msvRemoveVcCallback(dlerror='./simv: undefined symbol: msvRemoveVcCallback')
ANF: msvGetLatestValue(dlerror='./simv: undefined symbol: msvGetLatestValue')
ANF: msvSetEndofSimCallback(dlerror='./simv: undefined symbol: msvSetEndofSimCallback')
ANF: PI_ace_get_output_time_unit(dlerror='./simv: undefined symbol: PI_ace_get_output_time_unit')
ANF: PI_ace_sim_sync(dlerror='./simv: undefined symbol: PI_ace_sim_sync')
Chronologic Simulation VCS Release I-2014.03_Full64
Linux 2.6.32-754.31.1.el6.x86_64 #1 SMP Wed Jul 15 16:02:21 UTC 2020 x86_64
CPU cores: 2
Limit information:
======================================
cputime			unlimited
filesize		unlimited
datasize		unlimited
stacksize		10240 kbytes
coredumpsize	0 kbytes
memoryuse		unlimited
vmemoryuse		unlimited
descriptors		1024
memorylocked	64 kbytes
maxproc			1024
======================================
(Special)Runtime environment variables:

Runtime environment variables:
DESKTOP_SESSION=gnome
QTDIR=/usr/lib64/qt-3.3
HPEESOF_DIR=/opt/mentor/ADS2016_01
GTK_RC_FILES=/etc/gtk/gtkrc:/home/crazy/.gtkrc-1.2-gnome2
XAUTHORITY=/var/run/gdm/auth-for-crazy-AvMHFQ/database
GDMSESSION=gnome
GDM_LANG=en_US.UTF-8
SHELL=/bin/bash
_=/usr/bin/make
Laker_HOME=/opt/synopsys/Laker2016
OA_UNSUPPORTED_PLAT=linux_rhel50_gcc44x
GIO_LAUNCHED_DESKTOP_FILE=/usr/share/applications/gnome-terminal.desktop
SNPSLMD_LICENSE_FILE=/opt/synopsys/scl_2016/synopsys.dat:/opt/synopsys/vcs_2014/flexlm//license.dat
USERNAME=crazy
QRC_HOME=/opt/cadence/EXT191
APACHEDA_LICENSE_FILE=/opt/apache/Totem_Linux64e6_V19.2.7/license/totem.lic
GNOME_KEYRING_SOCKET=/tmp/keyring-ubju40/socket
StarRC_HOME=/opt/synopsys/starrc_2016
LESSOPEN=||/usr/bin/lesspipe.sh %s
HISTCONTROL=ignoredups
ORBIT_SOCKETDIR=/tmp/orbit-crazy
PATH=/opt/apache/Totem_Linux64e6_V19.2.7/bin:/opt/apache/RedHawk_Linux64e6_V2019R2.8/bin:/opt/mentor/questasim_10.7c/questasim/bin:/opt/cadence/PVS151/tools/spectre/bin:/opt/cadence/PVS151/tools/dfII/bin:/opt/cadence/PVS151/tools/bin:/opt/cadence/PVS151/bin:/tools/spectre/bin:/opt/cadence/CONFRML192/bin:/opt/cadence/GENUS191/bin:/opt/cadence/ASSURA41/bin:/opt/cadence/INNOVUS181/bin:/opt/cadence/EXT191/bin:/opt/cadence/SPECTRE181/tools/spectre/bin:/opt/cadence/SPECTRE181/tools/dfII/bin:/opt/cadence/SPECTRE181/tools/bin:/opt/cadence/SPECTRE181/bin:/tools/spectre/bin:/opt/cadence/ICADV123/tools/plot/bin:/opt/cadence/ICADV123/tools/iccraft/bin:/opt/cadence/ICADV123/tools/dracula/bin:/opt/cadence/ICADV123/tools/dfII/bin:/opt/cadence/ICADV123/tools/bin:/opt/cadence/ICADV123/share/bin:/opt/synopsys/Laker2016/bin:/opt/synopsys/scl_2016/linux64/bin:/opt/synopsys/Milkyway_2016/bin:/opt/synopsys/Milkyway_2016/bin/linux64:/opt/synopsys/scl_2016/linux64/bin:/opt/synopsys/xa_2015/bin:/opt/synopsys/scl_2016/linux64/bin:/opt/synopsys/hspice_2017/hspice/bin:/opt/synopsys/scl_2016/linux64/bin:/opt/synopsys/milkway_2016/bin:/opt/synopsys/scl_2016/linux64/bin:/opt/synopsys/wv_2018/bin:/opt/synopsys/scl_2016/linux64/bin:/opt/synopsys/starrc_2016/bin:/opt/synopsys/scl_2016/linux64/bin:/opt/synopsys/siliconsmart_2016/bin:/opt/synopsys/scl_2016/linux64/bin:/opt/synopsys/libcompiler_2016/admin/install/lc/bin:/opt/synopsys/libcompiler_2016/bin:/opt/synopsys/scl_2016/linux64/bin:/opt/synopsys/primetime_2016/bin:/opt/synopsys/scl_2016/linux64/bin:/opt/synopsys/icc_2016/bin:/opt/synopsys/scl_2016/linux64/bin:/opt/synopsys/ICC2_2018/linux64/bin:/opt/synopsys/ICC2_2018/bin:/opt/synopsys/scl_2016/linux64/bin:/opt/synopsys/spyglass_2016/SpyGlass-L2016.06/SPYGLASS_HOME/bin:/opt/synopsys/scl_2016/linux64/bin:/opt/synopsys/fm_2016/bin:/opt/synopsys/scl_2016/linux64/bin:/opt/synopsys/dc_2018/bin:/opt/synopsys/scl_2016/linux64/bin:/opt/synopsys/verdi_2015/bin:/opt/synopsys/scl_2016/linux64/bin:/opt/synopsys/vcs_2014/bin:/opt/synopsys/scl_2016/linux64/bin:/usr/lib64/qt-3.3/bin:/usr/local/bin:/usr/bin:/bin:/usr/local/sbin:/usr/sbin:/sbin:/home/crazy/bin:/opt/mentor/calibre2019/aoi_cal_2019.3_25.15/bin:/opt/mentor/ADS2016_01/bin
SESSION_MANAGER=local/unix:@/tmp/.ICE-unix/4222,unix/unix:/tmp/.ICE-unix/4222
WINDOWID=62914563
ICC_HOME=/opt/synopsys/icc_2016
apache_dir=/opt/skel/tools_env/apache
MMSIM_HOME=/opt/cadence/SPECTRE181
CDS_AUTO_64BIT=ALL
LS_COLORS=rs=0:di=01;34:ln=01;36:mh=00:pi=40;33:so=01;35:do=01;35:bd=40;33;01:cd=40;33;01:or=40;31;01:mi=01;05;37;41:su=37;41:sg=30;43:ca=30;41:tw=30;42:ow=34;42:st=37;44:ex=01;32:*.tar=01;31:*.tgz=01;31:*.arj=01;31:*.taz=01;31:*.lzh=01;31:*.lzma=01;31:*.tlz=01;31:*.txz=01;31:*.zip=01;31:*.z=01;31:*.Z=01;31:*.dz=01;31:*.gz=01;31:*.lz=01;31:*.xz=01;31:*.bz2=01;31:*.tbz=01;31:*.tbz2=01;31:*.bz=01;31:*.tz=01;31:*.deb=01;31:*.rpm=01;31:*.jar=01;31:*.rar=01;31:*.ace=01;31:*.zoo=01;31:*.cpio=01;31:*.7z=01;31:*.rz=01;31:*.jpg=01;35:*.jpeg=01;35:*.gif=01;35:*.bmp=01;35:*.pbm=01;35:*.pgm=01;35:*.ppm=01;35:*.tga=01;35:*.xbm=01;35:*.xpm=01;35:*.tif=01;35:*.tiff=01;35:*.png=01;35:*.svg=01;35:*.svgz=01;35:*.mng=01;35:*.pcx=01;35:*.mov=01;35:*.mpg=01;35:*.mpeg=01;35:*.m2v=01;35:*.mkv=01;35:*.ogm=01;35:*.mp4=01;35:*.m4v=01;35:*.mp4v=01;35:*.vob=01;35:*.qt=01;35:*.nuv=01;35:*.wmv=01;35:*.asf=01;35:*.rm=01;35:*.rmvb=01;35:*.flc=01;35:*.avi=01;35:*.fli=01;35:*.flv=01;35:*.gl=01;35:*.dl=01;35:*.xcf=01;35:*.xwd=01;35:*.yuv=01;35:*.cgm=01;35:*.emf=01;35:*.axv=01;35:*.anx=01;35:*.ogv=01;35:*.ogx=01;35:*.aac=01;36:*.au=01;36:*.flac=01;36:*.mid=01;36:*.midi=01;36:*.mka=01;36:*.mp3=01;36:*.mpc=01;36:*.ogg=01;36:*.ra=01;36:*.wav=01;36:*.axa=01;36:*.oga=01;36:*.spx=01;36:*.xspf=01;36:
MGC_CALIBRE_LAYOUT_SERVER=127.0.0.1:1989
CONFRML_HOME=/opt/cadence/CONFRML192
SSH_AUTH_SOCK=/tmp/keyring-ubju40/socket.ssh
GIO_LAUNCHED_DESKTOP_FILE_PID=111957
DISPLAY=:0.0
XA_HOME=/opt/synopsys/xa_2015
MGC_HOME=/opt/mentor/calibre2019/aoi_cal_2019.3_25.15
mentor_env=/opt/skel/tools_env/mentor
HOME=/home/crazy
VCS_HOME=/opt/synopsys/vcs_2014
PWD=/home/crazy/projects/async_fifo/sim
HPEESOF_HOME=/opt/mentor/ADS2016_01
CALIBRE_HOME=/opt/mentor/calibre2019/aoi_cal_2019.3_25.15
G_BROKEN_FILENAMES=1
MGLS_LICENSE_FILE=/opt/mentor/questasim_10.7c/license/license.dat
DBUS_SESSION_BUS_ADDRESS=unix:abstract=/tmp/dbus-NIH6kCM7b5,guid=d36ff03c712a060ec714af7e0000006a
XDG_SESSION_COOKIE=853c2dd6d78572ac2e7e674300000026-1659543461.208296-1259539612
LOGNAME=crazy
Formality_HOME=/opt/synopsys/fm_2016
INNOVUS_HOME=/opt/cadence/INNOVUS181
GDM_KEYBOARD_LAYOUT=us
CDS_LIC_FILE=/opt/cadence/PVS151/share/license/license.dat
QUESTASIM_PATH=/opt/mentor/questasim_10.7c
HSPICE_HOME=/opt/synopsys/hspice_2017/hspice
GNOME_DESKTOP_SESSION_ID=this-is-deprecated
HOSTNAME=crazy_one
GENUS_HOME=/opt/cadence/GENUS191
VCS_TARGET_ARCH=amd64
SSH_ASKPASS=/usr/libexec/openssh/gnome-ssh-askpass
COLORTERM=gnome-terminal
VCS_ARCH_OVERRIDE=linux
SHLVL=2
ICC2_HOME=/opt/synopsys/ICC2_2018
totem_HOME=/opt/apache/Totem_Linux64e6_V19.2.7
USER=crazy
QTLIB=/usr/lib64/qt-3.3/lib
Milkyway_HOME=/opt/synopsys/Milkyway_2016
GNOME_KEYRING_PID=4212
WV_HOME=/opt/synopsys/wv_2018
CDS_LOAD_ENV=CSF
OLDPWD=/home/crazy
CVS_RSH=ssh
redhawk_HOME=/opt/apache/RedHawk_Linux64e6_V2019R2.8
MAKEFLAGS=
MFLAGS=
MAIL=/var/spool/mail/crazy
Cadence_Dir=/opt/cadence
SPYGLASS_HOME=/opt/synopsys/spyglass_2016/SpyGlass-L2016.06/SPYGLASS_HOME
cadence_env=/opt/skel/tools_env/cadence
DC_HOME=/opt/synopsys/dc_2018
MILKWAY_HOME=/opt/synopsys/milkway_2016
Siliconsmart_HOME=/opt/synopsys/siliconsmart_2016
ADS_LICENSE_FILE=/opt/mentor/ADS2016_01/license.lic
MGC_LIB_PATH=/opt/mentor/calibre2019/aoi_cal_2019.3_25.15/lib
LC_HOME=/opt/synopsys/libcompiler_2016
NOVAS_HOME=/opt/synopsys/verdi_2015
W3264_NO_HOST_CHECK=1
ASSURA_HOME=/opt/cadence/ASSURA41
SCL_HOME=/opt/synopsys/scl_2016
synopsys_env=/opt/skel/tools_env/synopsy
PVSHOME=/opt/cadence/PVS151
HISTSIZE=1000
Virtuoso_HOME=/opt/cadence/ICADV123
CDS_Netlisting_Mode=Analog
WINDOWPATH=1
PrimeTime_HOME=/opt/synopsys/primetime_2016
Synopsys_Dir=/opt/synopsys
QTINC=/usr/lib64/qt-3.3/include
LANG=en_US.UTF-8
TERM=xterm
MAKELEVEL=1
VCS_PATHMAP_PRELOAD_DONE=1
LC_ALL=C
DVE=/opt/synopsys/vcs_2014/gui/dve
TCLLIBPATH=/tmp/auxx/tcllib/lib/tcl8.4
SPECMAN_OUTPUT_TO_TTY=1
Runtime command line arguments:
argv[0]=./simv
argv[1]=+UVM_VERBOSITY=UVM_MEDIUM
argv[2]=+UVM_OBJECTION_TRACE
argv[3]=-l
argv[4]=sim.log
200 profile - 100
          CPU/Mem usage: 0.380 sys,  4.250 user,  306.30M sys,  0.00M vm
201 VC callback profile - scalar:0 vector:0
202 Thu Aug  4 11:40:01 2022
203 pliAppInit
204 *Verdi3* : Enable Parallel Dumping.
205 [MHPI_DL_ERROR]./simv: undefined symbol: mhpi_skipFileReset
206 pliAppMiscSet: New Sim Round
207 pliEntryInit
208 LIBSSCORE=found /opt/synopsys/verdi_2015/share/PLI/lib/LINUXAMD64/libsscore_vcs201403.so through $NOVAS_HOME setting.
209 FSDB Dumper for VCS, Release Verdi3_K-2015.09, Linux x86_64/64bit, 08/25/2015
210 (C) 1996 - 2015 by Synopsys, Inc.
211 sps_call_fsdbDumpfile at 0 : tb_top.sv(68)
212 argv[0]: tb_top.fsdb
213 *Verdi3* FSDB WARNING: The FSDB file already exists. Overwriting the FSDB file may crash the programs that are using this file.
214 *Verdi3* : Create FSDB file 'tb_top.fsdb'
215 sps_call_fsdbDumpvars at 0 : tb_top.sv(69)
216 argv[0]: 0
217 argv[1]: (handle)0x5304718 tb_top
218 *Verdi3* : Begin traversing the scope (tb_top), layer (0).
219 *Verdi3* : End of traversing.
220 fsdbDumpvars traverse var: profile - 
          CPU/Mem usage: 0.390 sys,  4.260 user,  451.26M sys,  0.00M vm
                   incr: 0.000 sys,  0.010 user,  3.23M sys,  0.00M vm
                   accu: 0.000 sys,  0.010 user,  3.23M sys,  0.00M vm
              accu incr: 0.000 sys,  0.010 user,  3.23M sys,  0.00M vm

          Count usage: 70 var,  47 idcode,  47 callback
                 incr: 70 var,  47 idcode,  47 callback
                 accu: 70 var,  47 idcode,  47 callback
            accu incr: 70 var,  47 idcode,  47 callback
221 VC callback profile - scalar:0 vector:0
222 Thu Aug  4 11:40:01 2022
223 fsdbDumpvars: profile - 
          CPU/Mem usage: 0.400 sys,  4.260 user,  452.31M sys,  0.00M vm
                   incr: 0.010 sys,  0.000 user,  1.05M sys,  0.00M vm
                   accu: 0.010 sys,  0.010 user,  4.28M sys,  0.00M vm
              accu incr: 0.010 sys,  0.000 user,  1.05M sys,  0.00M vm

          Count usage: 70 var,  47 idcode,  47 callback
                 incr: 0 var,  0 idcode,  0 callback
                 accu: 70 var,  47 idcode,  47 callback
            accu incr: 0 var,  0 idcode,  0 callback
224 VC callback profile - scalar:38 vector:32
225 Thu Aug  4 11:40:01 2022
226 End of simulation at 95
227 VC callback profile - scalar:196 vector:142
228 Thu Aug  4 11:40:02 2022
229 Parallel profile    -  Flush:3 ProduceWait:0 ConsumerWait:0 BlockUsed:0
230                        ProduceTime:4.778633584 ConsumerTime:0.000000000
231 SimExit
232 Sim process exit
