set ucliGUI::state
set ucliGUI::state
ucliCore::getToolPID
synopsys::env hasTB
trigger_hier_stack_context_switch 0
synopsys::xml set_array_limit <data limit="50" />
synopsys::xml set_depth_limit <data limit="100" />
synopsys::xml set_string_limit <data limit="1000" />
synopsys::xml set_only_active_frame <data value="1" />
synopsys::xml set_variable_frame_id <data value="1" />
synUtils::setDVEInitPhase 1
synopsys::dump -type VPD -file /home/crazy/projects/async_fifo/sim/inter.vpd -locking
synopsys::dump -autoflush on -fid VPD0
set ::dve_fid VPD0
synUtils::setDVEInitPhase 0
ucliCore::getToolPID
synUtils::sendTool -active _icl_setToolSocket /tmp/smlnpoOBECr
synUtils::sendTool -active {_icl_start_rpc -version "I-2014.03_Full64" -sync_file /tmp/vcs_dve_rpc.crazy.86475}
synUtils::sendTool -active {_icl_createSharedMemory /tmp/vcs_dve_general.crazy.86475}
ucliGUI::vpdAddHierarchy -scope uvm_pkg -depth 1 -file /home/crazy/projects/async_fifo/sim/inter.vpd; synopsys::dump -flush VPD0
config endofsim noexit
config onfail enable all
config syscaddplainmembers
config syscaddsourcenames
config syscaddstructtypes
synopsys::listing -disable
synopsys::dump -add {tb_top.r_if} -aggregates  -fid VPD0
ucliGUI::getSignalValues -scope tb_top.r_if -radix {binary } -list {tb_top.r_if.rclk }
ucliGUI::vpdAddHierarchy -scope {tb_top.unnamed$$_4} -depth 1 -file /home/crazy/projects/async_fifo/sim/inter.vpd; synopsys::dump -flush VPD0
if [catch {gui_sim_terminate}] {gui_sim_terminate -kill}
synopsys::finish
set ucliGUI::state
set ucliGUI::state
ucli_exit
