# Preference setting overrides
gui_create_pref_key -category {Globals} -key {load_detail_for_funcov} -value_type {bool} -value {false}

# State setting overrides
gui_state_default_create -off -ini
gui_set_state_value -category Globals -key &File_toolbar -value true
gui_set_state_value -category Globals -key BackTrace_toolbar -value true
gui_set_state_value -category Globals -key recent_databases -value {{gui_open_db -file vcdplus.vpd -design V1} {gui_open_db -file vcdplus.vpd}}
gui_set_state_value -category Layout -key child_console_size_x -value 271
gui_set_state_value -category Layout -key child_console_size_y -value 179
gui_set_state_value -category Layout -key child_data_coltype -value 87
gui_set_state_value -category Layout -key child_data_colvalue -value 70
gui_set_state_value -category Layout -key child_data_colvariable -value 147
gui_set_state_value -category Layout -key child_data_size_x -value 203
gui_set_state_value -category Layout -key child_data_size_y -value 385
gui_set_state_value -category Layout -key child_driver_size_x -value 1029
gui_set_state_value -category Layout -key child_driver_size_y -value 179
gui_set_state_value -category Layout -key child_hier_col3 -value {-1}
gui_set_state_value -category Layout -key child_hier_colpd -value 0
gui_set_state_value -category Layout -key child_hier_size_x -value 137
gui_set_state_value -category Layout -key child_hier_size_y -value 385
gui_set_state_value -category Layout -key child_source_docknewline -value false
gui_set_state_value -category Layout -key child_source_pos_x -value {-2}
gui_set_state_value -category Layout -key child_source_pos_y -value {-15}
gui_set_state_value -category Layout -key child_source_size_x -value 863
gui_set_state_value -category Layout -key child_source_size_y -value 380
gui_set_state_value -category Layout -key child_transaction_col_caller -value 65
gui_set_state_value -category Layout -key child_transaction_col_expand -value 16
gui_set_state_value -category Layout -key child_transaction_col_message -value 59
gui_set_state_value -category Layout -key child_transaction_col_name -value 40
gui_set_state_value -category Layout -key child_transaction_col_relation -value 53
gui_set_state_value -category Layout -key child_transaction_col_scope -value 86
gui_set_state_value -category Layout -key child_transaction_col_severity -value 54
gui_set_state_value -category Layout -key child_transaction_col_target -value 43
gui_set_state_value -category Layout -key child_transaction_col_time -value 80
gui_set_state_value -category Layout -key child_transaction_col_type -value 36
gui_set_state_value -category Layout -key child_transaction_size_x -value 1201
gui_set_state_value -category Layout -key child_transaction_size_y -value 201
gui_set_state_value -category Layout -key child_wave_colname -value 162
gui_set_state_value -category Layout -key child_wave_colvalue -value 162
gui_set_state_value -category Layout -key child_wave_left -value 328
gui_set_state_value -category Layout -key child_wave_right -value 801
gui_set_state_value -category Layout -key main_pos_x -value 57
gui_set_state_value -category Layout -key main_pos_y -value 152
gui_set_state_value -category Layout -key main_size_x -value 1257
gui_set_state_value -category Layout -key main_size_y -value 838
gui_set_state_value -category Layout -key stand_source_child_docknewline -value false
gui_set_state_value -category Layout -key stand_source_child_size_x -value 364
gui_set_state_value -category Layout -key stand_source_child_size_y -value 294
gui_set_state_value -category Layout -key stand_wave_child_docknewline -value false
gui_set_state_value -category Layout -key stand_wave_child_pos_x -value {-2}
gui_set_state_value -category Layout -key stand_wave_child_pos_y -value {-15}
gui_set_state_value -category Layout -key stand_wave_child_size_x -value 1139
gui_set_state_value -category Layout -key stand_wave_child_size_y -value 557
gui_set_state_value -category Layout -key stand_wave_top_pos_x -value 108
gui_set_state_value -category Layout -key stand_wave_top_pos_y -value 53
gui_set_state_value -category Layout -key stand_wave_top_size_x -value 1242
gui_set_state_value -category Layout -key stand_wave_top_size_y -value 738
gui_create_state_key -category FindDialog -key m_pMatchCase -value_type bool -value false
gui_create_state_key -category FindDialog -key m_pMatchWord -value_type bool -value false
gui_create_state_key -category FindDialog -key m_pUseCombo -value_type string -value {}
gui_create_state_key -category FindDialog -key m_pWrapAround -value_type bool -value true
gui_state_default_create -off

# Begin command logging
gui_set_pref_value -category {Globals} -key {smart_resize} -value {false}
gui_set_pref_value -category {Globals} -key {smart_resize} -value {true}
gui_sim_run Ucli -exe ./simv -args {-ucligui  } -dir .
gui_list_select -id Hier.1 -current_item_name tb_top -current_item_type Scope  -selected  { tb_top   }
gui_list_expand -id  Hier.1   tb_top
gui_list_select -id Hier.1 -current_item_name tb_top.r_if -current_item_type Scope  -selected  { tb_top.r_if   }
gui_list_select -id Data.1 -selected  { tb_top.r_if.rclk   }
gui_list_action -id  Data.1 tb_top.r_if.rclk
gui_list_select -id Data.1 -selected  { {tb_top.r_if.rdata[7:0]}   }
gui_list_sort -id  Data.1   {Variable}
gui_list_sort -id  Data.1   -descending  {Variable}
gui_list_select -id Data.1 -selected  { tb_top.r_if.rrst_n   }
gui_list_select -id Data.1 -selected  { tb_top.r_if.rclk   }
gui_open_window Wave
gui_list_add -id Wave.1 -from Data.1 { tb_top.r_if.rclk } -insertionbar
gui_list_select -id Wave.1 -selected  { tb_top.r_if.rclk   }
gui_list_action -id  Wave.1 tb_top.r_if.rclk
gui_get_drivers -id Wave.1 -signal tb_top.r_if.rclk
gui_close_window -window TopLevel.1
gui_marker_move -id  Wave.1 C1 137
